# JRE version: OpenJDK Runtime Environment (8.0_242-b01) (build 1.8.0_242-release-1644-b01)
# Java VM: OpenJDK 64-Bit Server VM (25.242-b01 mixed mode windows-amd64 compressed oops)
Heap:
 PSYoungGen      total 130048K, used 77295K [0x00000000d5580000, 0x00000000dec80000, 0x0000000100000000)
  eden space 123904K, 57% used [0x00000000d5580000,0x00000000d9b6cce0,0x00000000dce80000)
  from space 6144K, 92% used [0x00000000de680000,0x00000000dec0eff0,0x00000000dec80000)
  to   space 11776K, 0% used [0x00000000dd580000,0x00000000dd580000,0x00000000de100000)
 ParOldGen       total 69120K, used 13586K [0x0000000080000000, 0x0000000084380000, 0x00000000d5580000)
  object space 69120K, 19% used [0x0000000080000000,0x0000000080d44b98,0x0000000084380000)
 Metaspace       used 44101K, capacity 45884K, committed 46120K, reserved 1089536K
  class space    used 5967K, capacity 6365K, committed 6448K, reserved 1048576K
GC Heap History (10 events):
Event: 12.398 GC heap before
{Heap before GC invocations=10 (full 1):
 PSYoungGen      total 67072K, used 63177K [0x00000000d5580000, 0x00000000da580000, 0x0000000100000000)
  eden space 60416K, 100% used [0x00000000d5580000,0x00000000d9080000,0x00000000d9080000)
  from space 6656K, 41% used [0x00000000d9f00000,0x00000000da1b2550,0x00000000da580000)
  to   space 10752K, 0% used [0x00000000d9080000,0x00000000d9080000,0x00000000d9b00000)
 ParOldGen       total 50176K, used 8605K [0x0000000080000000, 0x0000000083100000, 0x00000000d5580000)
  object space 50176K, 17% used [0x0000000080000000,0x00000000808676d0,0x0000000083100000)
 Metaspace       used 30900K, capacity 31842K, committed 32048K, reserved 1077248K
  class space    used 4178K, capacity 4400K, committed 4400K, reserved 1048576K
Event: 12.423 GC heap after
Heap after GC invocations=10 (full 1):
 PSYoungGen      total 71168K, used 8798K [0x00000000d5580000, 0x00000000dc500000, 0x0000000100000000)
  eden space 60416K, 0% used [0x00000000d5580000,0x00000000d5580000,0x00000000d9080000)
  from space 10752K, 81% used [0x00000000d9080000,0x00000000d9917a70,0x00000000d9b00000)
  to   space 11776K, 0% used [0x00000000db980000,0x00000000db980000,0x00000000dc500000)
 ParOldGen       total 50176K, used 8613K [0x0000000080000000, 0x0000000083100000, 0x00000000d5580000)
  object space 50176K, 17% used [0x0000000080000000,0x00000000808696d0,0x0000000083100000)
 Metaspace       used 30900K, capacity 31842K, committed 32048K, reserved 1077248K
  class space    used 4178K, capacity 4400K, committed 4400K, reserved 1048576K
}
Event: 15.200 GC heap before
{Heap before GC invocations=11 (full 1):
 PSYoungGen      total 71168K, used 69214K [0x00000000d5580000, 0x00000000dc500000, 0x0000000100000000)
  eden space 60416K, 100% used [0x00000000d5580000,0x00000000d9080000,0x00000000d9080000)
  from space 10752K, 81% used [0x00000000d9080000,0x00000000d9917a70,0x00000000d9b00000)
  to   space 11776K, 0% used [0x00000000db980000,0x00000000db980000,0x00000000dc500000)
 ParOldGen       total 50176K, used 8613K [0x0000000080000000, 0x0000000083100000, 0x00000000d5580000)
  object space 50176K, 17% used [0x0000000080000000,0x00000000808696d0,0x0000000083100000)
 Metaspace       used 33973K, capacity 35170K, committed 35248K, reserved 1079296K
  class space    used 4663K, capacity 4966K, committed 5040K, reserved 1048576K
Event: 15.219 GC heap after
Heap after GC invocations=11 (full 1):
 PSYoungGen      total 101376K, used 8704K [0x00000000d5580000, 0x00000000dc500000, 0x0000000100000000)
  eden space 89600K, 0% used [0x00000000d5580000,0x00000000d5580000,0x00000000dad00000)
  from space 11776K, 73% used [0x00000000db980000,0x00000000dc2001b8,0x00000000dc500000)
  to   space 12288K, 0% used [0x00000000dad00000,0x00000000dad00000,0x00000000db900000)
 ParOldGen       total 50176K, used 9311K [0x0000000080000000, 0x0000000083100000, 0x00000000d5580000)
  object space 50176K, 18% used [0x0000000080000000,0x0000000080917c58,0x0000000083100000)
 Metaspace       used 33973K, capacity 35170K, committed 35248K, reserved 1079296K
  class space    used 4663K, capacity 4966K, committed 5040K, reserved 1048576K
}
Event: 15.334 GC heap before
{Heap before GC invocations=12 (full 1):
 PSYoungGen      total 101376K, used 17198K [0x00000000d5580000, 0x00000000dc500000, 0x0000000100000000)
  eden space 89600K, 9% used [0x00000000d5580000,0x00000000d5dcb718,0x00000000dad00000)
  from space 11776K, 73% used [0x00000000db980000,0x00000000dc2001b8,0x00000000dc500000)
  to   space 12288K, 0% used [0x00000000dad00000,0x00000000dad00000,0x00000000db900000)
 ParOldGen       total 50176K, used 9311K [0x0000000080000000, 0x0000000083100000, 0x00000000d5580000)
  object space 50176K, 18% used [0x0000000080000000,0x0000000080917c58,0x0000000083100000)
 Metaspace       used 34317K, capacity 35414K, committed 35496K, reserved 1079296K
  class space    used 4722K, capacity 5002K, committed 5040K, reserved 1048576K
Event: 15.348 GC heap after
Heap after GC invocations=12 (full 1):
 PSYoungGen      total 101888K, used 588K [0x00000000d5580000, 0x00000000df280000, 0x0000000100000000)
  eden space 89600K, 0% used [0x00000000d5580000,0x00000000d5580000,0x00000000dad00000)
  from space 12288K, 4% used [0x00000000dad00000,0x00000000dad93360,0x00000000db900000)
  to   space 12288K, 0% used [0x00000000de680000,0x00000000de680000,0x00000000df280000)
 ParOldGen       total 50176K, used 15250K [0x0000000080000000, 0x0000000083100000, 0x00000000d5580000)
  object space 50176K, 30% used [0x0000000080000000,0x0000000080ee4ba8,0x0000000083100000)
 Metaspace       used 34317K, capacity 35414K, committed 35496K, reserved 1079296K
  class space    used 4722K, capacity 5002K, committed 5040K, reserved 1048576K
}
Event: 15.348 GC heap before
{Heap before GC invocations=13 (full 2):
 PSYoungGen      total 101888K, used 588K [0x00000000d5580000, 0x00000000df280000, 0x0000000100000000)
  eden space 89600K, 0% used [0x00000000d5580000,0x00000000d5580000,0x00000000dad00000)
  from space 12288K, 4% used [0x00000000dad00000,0x00000000dad93360,0x00000000db900000)
  to   space 12288K, 0% used [0x00000000de680000,0x00000000de680000,0x00000000df280000)
 ParOldGen       total 50176K, used 15250K [0x0000000080000000, 0x0000000083100000, 0x00000000d5580000)
  object space 50176K, 30% used [0x0000000080000000,0x0000000080ee4ba8,0x0000000083100000)
 Metaspace       used 34317K, capacity 35414K, committed 35496K, reserved 1079296K
  class space    used 4722K, capacity 5002K, committed 5040K, reserved 1048576K
Event: 15.609 GC heap after
Heap after GC invocations=13 (full 2):
 PSYoungGen      total 101888K, used 0K [0x00000000d5580000, 0x00000000df280000, 0x0000000100000000)
  eden space 89600K, 0% used [0x00000000d5580000,0x00000000d5580000,0x00000000dad00000)
  from space 12288K, 0% used [0x00000000dad00000,0x00000000dad00000,0x00000000db900000)
  to   space 12288K, 0% used [0x00000000de680000,0x00000000de680000,0x00000000df280000)
 ParOldGen       total 69120K, used 13578K [0x0000000080000000, 0x0000000084380000, 0x00000000d5580000)
  object space 69120K, 19% used [0x0000000080000000,0x0000000080d42b98,0x0000000084380000)
 Metaspace       used 34317K, capacity 35414K, committed 35496K, reserved 1079296K
  class space    used 4722K, capacity 5002K, committed 5040K, reserved 1048576K
}
Event: 18.228 GC heap before
{Heap before GC invocations=14 (full 2):
 PSYoungGen      total 101888K, used 89600K [0x00000000d5580000, 0x00000000df280000, 0x0000000100000000)
  eden space 89600K, 100% used [0x00000000d5580000,0x00000000dad00000,0x00000000dad00000)
  from space 12288K, 0% used [0x00000000dad00000,0x00000000dad00000,0x00000000db900000)
  to   space 12288K, 0% used [0x00000000de680000,0x00000000de680000,0x00000000df280000)
 ParOldGen       total 69120K, used 13578K [0x0000000080000000, 0x0000000084380000, 0x00000000d5580000)
  object space 69120K, 19% used [0x0000000080000000,0x0000000080d42b98,0x0000000084380000)
 Metaspace       used 36534K, capacity 37920K, committed 38184K, reserved 1081344K
  class space    used 5014K, capacity 5325K, committed 5424K, reserved 1048576K
Event: 18.278 GC heap after
Heap after GC invocations=14 (full 2):
 PSYoungGen      total 130048K, used 5691K [0x00000000d5580000, 0x00000000dec80000, 0x0000000100000000)
  eden space 123904K, 0% used [0x00000000d5580000,0x00000000d5580000,0x00000000dce80000)
  from space 6144K, 92% used [0x00000000de680000,0x00000000dec0eff0,0x00000000dec80000)
  to   space 11776K, 0% used [0x00000000dd580000,0x00000000dd580000,0x00000000de100000)
 ParOldGen       total 69120K, used 13586K [0x0000000080000000, 0x0000000084380000, 0x00000000d5580000)
  object space 69120K, 19% used [0x0000000080000000,0x0000000080d44b98,0x0000000084380000)
 Metaspace       used 36534K, capacity 37920K, committed 38184K, reserved 1081344K
  class space    used 5014K, capacity 5325K, committed 5424K, reserved 1048576K
}

